#-----------------------------------------------------------
# Vivado v2020.2 (64-bit)
# SW Build 3064766 on Wed Nov 18 09:12:45 MST 2020
# IP Build 3064653 on Wed Nov 18 14:17:31 MST 2020
# Start of session at: Tue Jan 27 19:43:36 2026
# Process ID: 21408
# Current directory: C:/Users/Admin/Desktop/7020/lcd/vivado/lcd
# Command line: vivado.exe -gui_launcher_event rodinguilauncherevent14032 C:\Users\Admin\Desktop\7020\lcd\vivado\lcd\lcd.xpr
# Log file: C:/Users/Admin/Desktop/7020/lcd/vivado/lcd/vivado.log
# Journal file: C:/Users/Admin/Desktop/7020/lcd/vivado/lcd\vivado.jou
#-----------------------------------------------------------
start_gui
open_project C:/Users/Admin/Desktop/7020/lcd/vivado/lcd/lcd.xpr
Scanning sources...
Finished scanning sources
INFO: [IP_Flow 19-234] Refreshing IP repositories
INFO: [IP_Flow 19-1704] No user IP repositories specified
INFO: [IP_Flow 19-2313] Loaded Vivado IP repository 'D:/Xilinx/Vivado/2020.2/data/ip'.
update_compile_order -fileset sources_1
create_ip_run [get_files -of_objects [get_fileset sources_1] C:/Users/Admin/Desktop/7020/lcd/vivado/lcd/lcd.srcs/sources_1/bd/lcd/lcd.bd]
synth_design -rtl -rtl_skip_mlo -name rtl_1
Command: synth_design -rtl -rtl_skip_mlo -name rtl_1
Starting synth_design
Using part: xc7z020clg484-2
Top: lcd_wrapper
INFO: [Device 21-403] Loading part xc7z020clg484-2
---------------------------------------------------------------------------------
Starting RTL Elaboration : Time (s): cpu = 00:00:02 ; elapsed = 00:00:02 . Memory (MB): peak = 1606.070 ; gain = 248.539
---------------------------------------------------------------------------------
INFO: [Synth 8-6157] synthesizing module 'lcd_wrapper' [C:/Users/Admin/Desktop/7020/lcd/vivado/lcd/lcd.gen/sources_1/bd/lcd/hdl/lcd_wrapper.v:12]
INFO: [Synth 8-6157] synthesizing module 'IOBUF' [D:/Xilinx/Vivado/2020.2/scripts/rt/data/unisim_comp.v:36242]
	Parameter DRIVE bound to: 12 - type: integer 
	Parameter IBUF_LOW_PWR bound to: TRUE - type: string 
	Parameter IOSTANDARD bound to: DEFAULT - type: string 
	Parameter SLEW bound to: SLOW - type: string 
INFO: [Synth 8-6155] done synthesizing module 'IOBUF' (1#1) [D:/Xilinx/Vivado/2020.2/scripts/rt/data/unisim_comp.v:36242]
INFO: [Synth 8-6157] synthesizing module 'lcd' [c:/Users/Admin/Desktop/7020/lcd/vivado/lcd/lcd.gen/sources_1/bd/lcd/synth/lcd.v:13]
INFO: [Synth 8-6157] synthesizing module 'lcd_processing_system7_0_0' [C:/Users/Admin/Desktop/7020/lcd/vivado/lcd/.Xil/Vivado-21408-DESKTOP-8G1BU4I/realtime/lcd_processing_system7_0_0_stub.v:6]
INFO: [Synth 8-6155] done synthesizing module 'lcd_processing_system7_0_0' (2#1) [C:/Users/Admin/Desktop/7020/lcd/vivado/lcd/.Xil/Vivado-21408-DESKTOP-8G1BU4I/realtime/lcd_processing_system7_0_0_stub.v:6]
WARNING: [Synth 8-7071] port 'USB0_PORT_INDCTL' of module 'lcd_processing_system7_0_0' is unconnected for instance 'processing_system7_0' [c:/Users/Admin/Desktop/7020/lcd/vivado/lcd/lcd.gen/sources_1/bd/lcd/synth/lcd.v:147]
WARNING: [Synth 8-7071] port 'USB0_VBUS_PWRSELECT' of module 'lcd_processing_system7_0_0' is unconnected for instance 'processing_system7_0' [c:/Users/Admin/Desktop/7020/lcd/vivado/lcd/lcd.gen/sources_1/bd/lcd/synth/lcd.v:147]
WARNING: [Synth 8-7071] port 'FCLK_CLK0' of module 'lcd_processing_system7_0_0' is unconnected for instance 'processing_system7_0' [c:/Users/Admin/Desktop/7020/lcd/vivado/lcd/lcd.gen/sources_1/bd/lcd/synth/lcd.v:147]
WARNING: [Synth 8-7071] port 'FCLK_RESET0_N' of module 'lcd_processing_system7_0_0' is unconnected for instance 'processing_system7_0' [c:/Users/Admin/Desktop/7020/lcd/vivado/lcd/lcd.gen/sources_1/bd/lcd/synth/lcd.v:147]
WARNING: [Synth 8-7023] instance 'processing_system7_0' of module 'lcd_processing_system7_0_0' has 43 connections declared, but only 39 given [c:/Users/Admin/Desktop/7020/lcd/vivado/lcd/lcd.gen/sources_1/bd/lcd/synth/lcd.v:147]
INFO: [Synth 8-6155] done synthesizing module 'lcd' (3#1) [c:/Users/Admin/Desktop/7020/lcd/vivado/lcd/lcd.gen/sources_1/bd/lcd/synth/lcd.v:13]
INFO: [Synth 8-6155] done synthesizing module 'lcd_wrapper' (4#1) [C:/Users/Admin/Desktop/7020/lcd/vivado/lcd/lcd.gen/sources_1/bd/lcd/hdl/lcd_wrapper.v:12]
---------------------------------------------------------------------------------
Finished RTL Elaboration : Time (s): cpu = 00:00:02 ; elapsed = 00:00:02 . Memory (MB): peak = 1658.180 ; gain = 300.648
---------------------------------------------------------------------------------
---------------------------------------------------------------------------------
Start Handling Custom Attributes
---------------------------------------------------------------------------------
---------------------------------------------------------------------------------
Finished Handling Custom Attributes : Time (s): cpu = 00:00:03 ; elapsed = 00:00:03 . Memory (MB): peak = 1658.180 ; gain = 300.648
---------------------------------------------------------------------------------
---------------------------------------------------------------------------------
Finished RTL Optimization Phase 1 : Time (s): cpu = 00:00:03 ; elapsed = 00:00:03 . Memory (MB): peak = 1658.180 ; gain = 300.648
---------------------------------------------------------------------------------
INFO: [Project 1-454] Reading design checkpoint 'c:/Users/Admin/Desktop/7020/lcd/vivado/lcd/lcd.gen/sources_1/bd/lcd/ip/lcd_processing_system7_0_0/lcd_processing_system7_0_0.dcp' for cell 'lcd_i/processing_system7_0'
Netlist sorting complete. Time (s): cpu = 00:00:00 ; elapsed = 00:00:00.007 . Memory (MB): peak = 1658.180 ; gain = 0.000
INFO: [Netlist 29-17] Analyzing 6 Unisim elements for replacement
INFO: [Netlist 29-28] Unisim Transformation completed in 0 CPU seconds
INFO: [Project 1-479] Netlist was created with Vivado 2020.2
INFO: [Project 1-570] Preparing netlist for logic optimization

Processing XDC Constraints
Initializing timing engine
Parsing XDC File [c:/Users/Admin/Desktop/7020/lcd/vivado/lcd/lcd.gen/sources_1/bd/lcd/ip/lcd_processing_system7_0_0/lcd_processing_system7_0_0.xdc] for cell 'lcd_i/processing_system7_0/inst'
Finished Parsing XDC File [c:/Users/Admin/Desktop/7020/lcd/vivado/lcd/lcd.gen/sources_1/bd/lcd/ip/lcd_processing_system7_0_0/lcd_processing_system7_0_0.xdc] for cell 'lcd_i/processing_system7_0/inst'
INFO: [Project 1-236] Implementation specific constraints were found while reading constraint file [c:/Users/Admin/Desktop/7020/lcd/vivado/lcd/lcd.gen/sources_1/bd/lcd/ip/lcd_processing_system7_0_0/lcd_processing_system7_0_0.xdc]. These constraints will be ignored for synthesis but will be used in implementation. Impacted constraints are listed in the file [.Xil/lcd_wrapper_propImpl.xdc].
Resolution: To avoid this warning, move constraints listed in [.Xil/lcd_wrapper_propImpl.xdc] to another XDC file and exclude this new file from synthesis with the used_in_synthesis property (File Properties dialog in GUI) and re-run elaboration/synthesis.
Parsing XDC File [C:/Users/Admin/Desktop/7020/lcd/vivado/lcd/lcd.srcs/constrs_1/new/LCD.xdc]
Finished Parsing XDC File [C:/Users/Admin/Desktop/7020/lcd/vivado/lcd/lcd.srcs/constrs_1/new/LCD.xdc]
Completed Processing XDC Constraints

Netlist sorting complete. Time (s): cpu = 00:00:00 ; elapsed = 00:00:00 . Memory (MB): peak = 1710.848 ; gain = 0.000
INFO: [Project 1-111] Unisim Transformation Summary:
  A total of 6 instances were transformed.
  IOBUF => IOBUF (IBUF, OBUFT): 6 instances

RTL Elaboration Complete:  : Time (s): cpu = 00:00:08 ; elapsed = 00:00:05 . Memory (MB): peak = 1855.598 ; gain = 498.066
16 Infos, 5 Warnings, 0 Critical Warnings and 0 Errors encountered.
synth_design completed successfully
synth_design: Time (s): cpu = 00:00:11 ; elapsed = 00:00:13 . Memory (MB): peak = 1855.598 ; gain = 716.938
exit
INFO: [Common 17-206] Exiting Vivado at Tue Jan 27 19:46:27 2026...
