15:09:14 INFO  : Registering command handlers for Vitis TCF services
15:09:14 INFO  : Launching XSCT server: xsct.bat -n  -interactive D:\516\prj\zynq7020\vitis_workspace\temp_xsdb_launch_script.tcl
15:09:15 INFO  : XSCT server has started successfully.
15:09:15 INFO  : Successfully done setting XSCT server connection channel  
15:09:15 INFO  : Successfully done query RDI_DATADIR 
15:09:15 INFO  : Successfully done setting workspace for the tool. 
15:09:15 INFO  : Platform repository initialization has completed.
15:09:15 INFO  : plnx-install-location is set to ''
15:10:47 INFO  : Platform 'lcd_platform' is added to custom repositories.
15:10:49 INFO  : [Import] Updating active build configuration of the system project 'lcd_126_system' to 'Debug' after the import.
15:11:16 INFO  : Hardware specification for platform project 'lcd_platform' is updated.
15:39:14 INFO  : Launching XSCT server: xsct.bat -n  -interactive D:\516\prj\zynq7020\vitis_workspace\temp_xsdb_launch_script.tcl
15:39:15 INFO  : XSCT server has started successfully.
15:39:15 INFO  : plnx-install-location is set to ''
15:39:15 INFO  : Successfully done setting XSCT server connection channel  
15:39:15 INFO  : Successfully done setting workspace for the tool. 
15:39:15 INFO  : Successfully done query RDI_DATADIR 
15:39:16 INFO  : Platform repository initialization has completed.
15:39:16 INFO  : Registering command handlers for Vitis TCF services
17:25:02 INFO  : Launching XSCT server: xsct.bat -n  -interactive D:\516\prj\zynq7020\vitis_workspace\temp_xsdb_launch_script.tcl
17:25:03 INFO  : XSCT server has started successfully.
17:25:03 INFO  : plnx-install-location is set to ''
17:25:03 INFO  : Successfully done setting XSCT server connection channel  
17:25:03 INFO  : Successfully done setting workspace for the tool. 
17:25:05 INFO  : Platform repository initialization has completed.
17:25:05 INFO  : Registering command handlers for Vitis TCF services
17:25:05 INFO  : Successfully done query RDI_DATADIR 
17:25:25 INFO  : Platform 'my_platform' is added to custom repositories.
17:25:28 INFO  : [Import] Updating active build configuration of the system project 'app_system' to 'Debug' after the import.
17:28:39 INFO  : Launching XSCT server: xsct.bat -n  -interactive D:\516\prj\zynq7020\vitis_workspace\temp_xsdb_launch_script.tcl
17:28:40 INFO  : XSCT server has started successfully.
17:28:40 INFO  : plnx-install-location is set to ''
17:28:40 INFO  : Successfully done setting XSCT server connection channel  
17:28:40 INFO  : Successfully done setting workspace for the tool. 
17:28:42 INFO  : Platform repository initialization has completed.
17:28:42 INFO  : Registering command handlers for Vitis TCF services
17:28:42 INFO  : Successfully done query RDI_DATADIR 
17:29:02 INFO  : Platform 'my_platform' is added to custom repositories.
17:29:05 INFO  : [Import] Updating active build configuration of the system project 'app_system' to 'Debug' after the import.
17:30:15 INFO  : Hardware specification for platform project 'my_platform' is updated.
14:46:47 INFO  : Launching XSCT server: xsct.bat -n  -interactive D:\516\prj\zynq7020\vitis_workspace\temp_xsdb_launch_script.tcl
14:46:48 INFO  : XSCT server has started successfully.
14:46:48 INFO  : plnx-install-location is set to ''
14:46:48 INFO  : Successfully done setting XSCT server connection channel  
14:46:48 INFO  : Successfully done setting workspace for the tool. 
14:46:50 INFO  : Platform repository initialization has completed.
14:46:50 INFO  : Successfully done query RDI_DATADIR 
14:46:50 INFO  : Registering command handlers for Vitis TCF services
15:25:11 INFO  : The hardware specfication used by project 'app' is out of sync with the platform. Resource files extracted from the hardware specfiication will be updated.
15:25:11 INFO  : The file 'D:\516\prj\zynq7020\vitis_workspace\app\_ide\bitstream\design_1_wrapper.bit' stored in project is removed.
15:25:11 INFO  : The updated bitstream files are copied from platform to folder 'D:\516\prj\zynq7020\vitis_workspace\app\_ide\bitstream' in project 'app'.
15:25:11 INFO  : The file 'D:\516\prj\zynq7020\vitis_workspace\app\_ide\psinit\ps7_init.tcl' stored in project is removed.
15:25:15 INFO  : The updated ps init files are copied from platform to folder 'D:\516\prj\zynq7020\vitis_workspace\app\_ide\psinit' in project 'app'.
15:25:18 INFO  : Connected to target on host '127.0.0.1' and port '3121'.
15:25:19 INFO  : Jtag cable 'my vendor co my board 0ABC01A' is selected.
15:25:19 INFO  : 'jtag frequency' command is executed.
15:25:19 INFO  : Context for 'APU' is selected.
15:25:20 INFO  : System reset is completed.
15:25:23 INFO  : 'after 3000' command is executed.
15:25:23 INFO  : 'targets -set -filter {jtag_cable_name =~ "my vendor co my board 0ABC01A" && level==0 && jtag_device_ctx=="jsn-my board-0ABC01A-23727093-0"}' command is executed.
15:25:25 INFO  : Device configured successfully with "D:/516/prj/zynq7020/vitis_workspace/app/_ide/bitstream/design_1_wrapper.bit"
15:25:26 INFO  : Context for 'APU' is selected.
15:25:26 INFO  : Hardware design and registers information is loaded from 'D:/516/prj/zynq7020/vitis_workspace/my_platform/export/my_platform/hw/design_1_wrapper.xsa'.
15:25:26 INFO  : 'configparams force-mem-access 1' command is executed.
15:25:26 INFO  : Context for 'APU' is selected.
15:25:26 INFO  : Sourcing of 'D:/516/prj/zynq7020/vitis_workspace/app/_ide/psinit/ps7_init.tcl' is done.
15:25:26 INFO  : 'ps7_init' command is executed.
15:25:26 INFO  : 'ps7_post_config' command is executed.
15:25:26 INFO  : 'configparams force-mem-access 0' command is executed.
15:25:26 INFO  : ----------------XSDB Script----------------
connect -url tcp:127.0.0.1:3121
targets -set -nocase -filter {name =~"APU*"}
rst -system
after 3000
targets -set -filter {jtag_cable_name =~ "my vendor co my board 0ABC01A" && level==0 && jtag_device_ctx=="jsn-my board-0ABC01A-23727093-0"}
fpga -file D:/516/prj/zynq7020/vitis_workspace/app/_ide/bitstream/design_1_wrapper.bit
targets -set -nocase -filter {name =~"APU*"}
loadhw -hw D:/516/prj/zynq7020/vitis_workspace/my_platform/export/my_platform/hw/design_1_wrapper.xsa -mem-ranges [list {0x40000000 0xbfffffff}] -regs
configparams force-mem-access 1
targets -set -nocase -filter {name =~"APU*"}
source D:/516/prj/zynq7020/vitis_workspace/app/_ide/psinit/ps7_init.tcl
ps7_init
ps7_post_config
configparams force-mem-access 0
----------------End of Script----------------

15:25:26 INFO  : Launch script is exported to file 'D:\516\prj\zynq7020\vitis_workspace\app_system\_ide\scripts\systemdebugger_app_system_standalone.tcl'
15:26:18 INFO  : Disconnected from the channel tcfchan#1.
15:26:19 INFO  : Connected to target on host '127.0.0.1' and port '3121'.
15:26:19 INFO  : Jtag cable 'my vendor co my board 0ABC01A' is selected.
15:26:19 INFO  : 'jtag frequency' command is executed.
15:26:19 INFO  : Context for 'APU' is selected.
15:26:19 INFO  : System reset is completed.
15:26:22 INFO  : 'after 3000' command is executed.
15:26:22 INFO  : 'targets -set -filter {jtag_cable_name =~ "my vendor co my board 0ABC01A" && level==0 && jtag_device_ctx=="jsn-my board-0ABC01A-23727093-0"}' command is executed.
15:26:24 INFO  : Device configured successfully with "D:/516/prj/zynq7020/vitis_workspace/app/_ide/bitstream/design_1_wrapper.bit"
15:26:24 INFO  : Context for 'APU' is selected.
15:26:26 INFO  : Hardware design and registers information is loaded from 'D:/516/prj/zynq7020/vitis_workspace/my_platform/export/my_platform/hw/design_1_wrapper.xsa'.
15:26:26 INFO  : 'configparams force-mem-access 1' command is executed.
15:26:26 INFO  : Context for 'APU' is selected.
15:26:26 INFO  : Sourcing of 'D:/516/prj/zynq7020/vitis_workspace/app/_ide/psinit/ps7_init.tcl' is done.
15:26:26 INFO  : 'ps7_init' command is executed.
15:26:26 INFO  : 'ps7_post_config' command is executed.
15:26:26 INFO  : 'configparams force-mem-access 0' command is executed.
15:26:26 INFO  : ----------------XSDB Script----------------
connect -url tcp:127.0.0.1:3121
targets -set -nocase -filter {name =~"APU*"}
rst -system
after 3000
targets -set -filter {jtag_cable_name =~ "my vendor co my board 0ABC01A" && level==0 && jtag_device_ctx=="jsn-my board-0ABC01A-23727093-0"}
fpga -file D:/516/prj/zynq7020/vitis_workspace/app/_ide/bitstream/design_1_wrapper.bit
targets -set -nocase -filter {name =~"APU*"}
loadhw -hw D:/516/prj/zynq7020/vitis_workspace/my_platform/export/my_platform/hw/design_1_wrapper.xsa -mem-ranges [list {0x40000000 0xbfffffff}] -regs
configparams force-mem-access 1
targets -set -nocase -filter {name =~"APU*"}
source D:/516/prj/zynq7020/vitis_workspace/app/_ide/psinit/ps7_init.tcl
ps7_init
ps7_post_config
configparams force-mem-access 0
----------------End of Script----------------

15:26:26 INFO  : Launch script is exported to file 'D:\516\prj\zynq7020\vitis_workspace\app_system\_ide\scripts\systemdebugger_app_system_standalone.tcl'
15:28:09 INFO  : Disconnected from the channel tcfchan#2.
15:28:10 INFO  : Connected to target on host '127.0.0.1' and port '3121'.
15:28:11 INFO  : Jtag cable 'my vendor co my board 0ABC01A' is selected.
15:28:11 INFO  : 'jtag frequency' command is executed.
15:28:11 INFO  : Context for 'APU' is selected.
15:28:11 INFO  : System reset is completed.
15:28:14 INFO  : 'after 3000' command is executed.
15:28:14 INFO  : 'targets -set -filter {jtag_cable_name =~ "my vendor co my board 0ABC01A" && level==0 && jtag_device_ctx=="jsn-my board-0ABC01A-23727093-0"}' command is executed.
15:28:16 INFO  : Device configured successfully with "D:/516/prj/zynq7020/vitis_workspace/app/_ide/bitstream/design_1_wrapper.bit"
15:28:16 INFO  : Context for 'APU' is selected.
15:28:17 INFO  : Hardware design and registers information is loaded from 'D:/516/prj/zynq7020/vitis_workspace/my_platform/export/my_platform/hw/design_1_wrapper.xsa'.
15:28:17 INFO  : 'configparams force-mem-access 1' command is executed.
15:28:17 INFO  : Context for 'APU' is selected.
15:28:17 INFO  : Sourcing of 'D:/516/prj/zynq7020/vitis_workspace/app/_ide/psinit/ps7_init.tcl' is done.
15:28:17 INFO  : 'ps7_init' command is executed.
15:28:17 INFO  : 'ps7_post_config' command is executed.
15:28:17 INFO  : 'configparams force-mem-access 0' command is executed.
15:28:17 INFO  : ----------------XSDB Script----------------
connect -url tcp:127.0.0.1:3121
targets -set -nocase -filter {name =~"APU*"}
rst -system
after 3000
targets -set -filter {jtag_cable_name =~ "my vendor co my board 0ABC01A" && level==0 && jtag_device_ctx=="jsn-my board-0ABC01A-23727093-0"}
fpga -file D:/516/prj/zynq7020/vitis_workspace/app/_ide/bitstream/design_1_wrapper.bit
targets -set -nocase -filter {name =~"APU*"}
loadhw -hw D:/516/prj/zynq7020/vitis_workspace/my_platform/export/my_platform/hw/design_1_wrapper.xsa -mem-ranges [list {0x40000000 0xbfffffff}] -regs
configparams force-mem-access 1
targets -set -nocase -filter {name =~"APU*"}
source D:/516/prj/zynq7020/vitis_workspace/app/_ide/psinit/ps7_init.tcl
ps7_init
ps7_post_config
configparams force-mem-access 0
----------------End of Script----------------

15:28:17 INFO  : Launch script is exported to file 'D:\516\prj\zynq7020\vitis_workspace\app_system\_ide\scripts\systemdebugger_app_system_standalone.tcl'
15:35:06 INFO  : Result from executing command 'getProjects': lcd_platform;my_platform
15:35:06 INFO  : Result from executing command 'getPlatforms': lcd_platform|D:/516/prj/zynq7020/vitis_workspace/lcd_platform/export/lcd_platform/lcd_platform.xpfm;my_platform|D:/516/prj/zynq7020/vitis_workspace/my_platform/export/my_platform/my_platform.xpfm
15:35:06 INFO  : Checking for BSP changes to sync application flags for project 'app'...
15:35:07 INFO  : Updating application flags with new BSP settings...
15:35:07 INFO  : Successfully updated application flags for project app.
15:40:19 INFO  : Checking for BSP changes to sync application flags for project 'app'...
15:40:20 INFO  : The hardware specfication used by project 'app' is out of sync with the platform. Resource files extracted from the hardware specfiication will be updated.
15:40:20 INFO  : The file 'D:\516\prj\zynq7020\vitis_workspace\app\_ide\bitstream\design_1_wrapper.bit' stored in project is removed.
15:40:20 INFO  : The updated bitstream files are copied from platform to folder 'D:\516\prj\zynq7020\vitis_workspace\app\_ide\bitstream' in project 'app'.
15:40:20 INFO  : The file 'D:\516\prj\zynq7020\vitis_workspace\app\_ide\psinit\ps7_init.tcl' stored in project is removed.
15:40:23 INFO  : The updated ps init files are copied from platform to folder 'D:\516\prj\zynq7020\vitis_workspace\app\_ide\psinit' in project 'app'.
15:43:33 INFO  : Result from executing command 'getProjects': lcd_platform;my_platform
15:43:33 INFO  : Result from executing command 'getPlatforms': lcd_platform|D:/516/prj/zynq7020/vitis_workspace/lcd_platform/export/lcd_platform/lcd_platform.xpfm;my_platform|D:/516/prj/zynq7020/vitis_workspace/my_platform/export/my_platform/my_platform.xpfm
15:43:37 INFO  : Checking for BSP changes to sync application flags for project 'app'...
15:44:04 INFO  : Result from executing command 'getProjects': lcd_platform;my_platform
15:44:04 INFO  : Result from executing command 'getPlatforms': lcd_platform|D:/516/prj/zynq7020/vitis_workspace/lcd_platform/export/lcd_platform/lcd_platform.xpfm;my_platform|D:/516/prj/zynq7020/vitis_workspace/my_platform/export/my_platform/my_platform.xpfm
15:44:11 INFO  : Checking for BSP changes to sync application flags for project 'lcd_126'...
15:45:40 INFO  : Disconnected from the channel tcfchan#3.
15:45:40 INFO  : Connected to target on host '127.0.0.1' and port '3121'.
15:45:40 INFO  : Jtag cable 'my vendor co my board 0ABC01A' is selected.
15:45:40 INFO  : 'jtag frequency' command is executed.
15:45:40 INFO  : Context for 'APU' is selected.
15:45:40 INFO  : System reset is completed.
15:45:43 INFO  : 'after 3000' command is executed.
15:45:43 INFO  : 'targets -set -filter {jtag_cable_name =~ "my vendor co my board 0ABC01A" && level==0 && jtag_device_ctx=="jsn-my board-0ABC01A-23727093-0"}' command is executed.
15:45:45 INFO  : Device configured successfully with "D:/516/prj/zynq7020/vitis_workspace/lcd_126/_ide/bitstream/lcd_wrapper.bit"
15:45:45 INFO  : Context for 'APU' is selected.
15:45:45 INFO  : Hardware design and registers information is loaded from 'D:/516/prj/zynq7020/vitis_workspace/lcd_platform/export/lcd_platform/hw/lcd_wrapper.xsa'.
15:45:45 INFO  : 'configparams force-mem-access 1' command is executed.
15:45:45 INFO  : Context for 'APU' is selected.
15:45:45 INFO  : Sourcing of 'D:/516/prj/zynq7020/vitis_workspace/lcd_126/_ide/psinit/ps7_init.tcl' is done.
15:45:46 INFO  : 'ps7_init' command is executed.
15:45:46 INFO  : 'ps7_post_config' command is executed.
15:45:46 INFO  : Context for processor 'ps7_cortexa9_0' is selected.
15:45:47 INFO  : The application 'D:/516/prj/zynq7020/vitis_workspace/lcd_126/Debug/lcd_126.elf' is downloaded to processor 'ps7_cortexa9_0'.
15:45:47 INFO  : 'configparams force-mem-access 0' command is executed.
15:45:47 INFO  : ----------------XSDB Script----------------
connect -url tcp:127.0.0.1:3121
targets -set -nocase -filter {name =~"APU*"}
rst -system
after 3000
targets -set -filter {jtag_cable_name =~ "my vendor co my board 0ABC01A" && level==0 && jtag_device_ctx=="jsn-my board-0ABC01A-23727093-0"}
fpga -file D:/516/prj/zynq7020/vitis_workspace/lcd_126/_ide/bitstream/lcd_wrapper.bit
targets -set -nocase -filter {name =~"APU*"}
loadhw -hw D:/516/prj/zynq7020/vitis_workspace/lcd_platform/export/lcd_platform/hw/lcd_wrapper.xsa -mem-ranges [list {0x40000000 0xbfffffff}] -regs
configparams force-mem-access 1
targets -set -nocase -filter {name =~"APU*"}
source D:/516/prj/zynq7020/vitis_workspace/lcd_126/_ide/psinit/ps7_init.tcl
ps7_init
ps7_post_config
targets -set -nocase -filter {name =~ "*A9*#0"}
dow D:/516/prj/zynq7020/vitis_workspace/lcd_126/Debug/lcd_126.elf
configparams force-mem-access 0
----------------End of Script----------------

15:45:47 INFO  : Context for processor 'ps7_cortexa9_0' is selected.
15:45:47 INFO  : 'con' command is executed.
15:45:47 INFO  : ----------------XSDB Script (After Launch)----------------
targets -set -nocase -filter {name =~ "*A9*#0"}
con
----------------End of Script----------------

15:45:47 INFO  : Launch script is exported to file 'D:\516\prj\zynq7020\vitis_workspace\lcd_126_system\_ide\scripts\systemdebugger_app_system_standalone.tcl'
15:46:45 INFO  : Hardware specification for platform project 'my_platform' is updated.
15:47:51 INFO  : Result from executing command 'getProjects': lcd_platform;my_platform
15:47:51 INFO  : Result from executing command 'getPlatforms': lcd_platform|D:/516/prj/zynq7020/vitis_workspace/lcd_platform/export/lcd_platform/lcd_platform.xpfm;my_platform|D:/516/prj/zynq7020/vitis_workspace/my_platform/export/my_platform/my_platform.xpfm
15:47:51 INFO  : Checking for BSP changes to sync application flags for project 'app'...
15:51:29 INFO  : Checking for BSP changes to sync application flags for project 'app'...
15:54:25 INFO  : Result from executing command 'getProjects': lab_platform;lcd_platform;my_platform
15:54:25 INFO  : Result from executing command 'getPlatforms': lcd_platform|D:/516/prj/zynq7020/vitis_workspace/lcd_platform/export/lcd_platform/lcd_platform.xpfm;my_platform|D:/516/prj/zynq7020/vitis_workspace/my_platform/export/my_platform/my_platform.xpfm
15:55:29 ERROR : Failed to compute checksum of hardware specification file used by project 'app'
15:55:55 INFO  : Checking for BSP changes to sync application flags for project 'app'...
15:55:55 ERROR : Failed to get platform details for the project 'app'. Cannot sync application flags.
15:55:55 ERROR : Failed to compute checksum of hardware specification file used by project 'app'
15:56:19 INFO  : Checking for BSP changes to sync application flags for project 'app'...
15:56:19 ERROR : Failed to get platform details for the project 'app'. Cannot sync application flags.
15:56:19 ERROR : Failed to compute checksum of hardware specification file used by project 'app'
15:58:44 INFO  : Disconnected from the channel tcfchan#11.
16:29:23 INFO  : Launching XSCT server: xsct.bat -n  -interactive D:\wyl\prj\zynq7020\vitis_workspace\temp_xsdb_launch_script.tcl
16:29:24 INFO  : XSCT server has started successfully.
16:29:24 INFO  : plnx-install-location is set to ''
16:29:24 INFO  : Successfully done setting XSCT server connection channel  
16:29:24 INFO  : Successfully done setting workspace for the tool. 
16:29:26 ERROR : Error encountered while initializing user repository paths
Reason: No Platforms Found.


16:29:26 INFO  : Platform repository initialization has completed.
16:29:26 INFO  : Registering command handlers for Vitis TCF services
16:29:26 INFO  : Successfully done query RDI_DATADIR 
16:29:47 ERROR : An unexpected exception occurred in the module 'reading platform'
16:29:47 WARN  : An unexpected exception occurred in the module 'platform project logging'
16:29:47 WARN  : An unexpected exception occurred in the module 'platform project logging'
16:29:47 WARN  : An unexpected exception occurred in the module 'platform project logging'
16:30:25 INFO  : Platform 'my_platform' is added to custom repositories.
16:30:28 INFO  : [Import] Updating active build configuration of the system project 'app_system' to 'Debug' after the import.
16:30:57 INFO  : Launching XSCT server: xsct.bat -n  -interactive D:\wyl\prj\zynq7020\vitis_workspace\temp_xsdb_launch_script.tcl
16:30:58 INFO  : Registering command handlers for Vitis TCF services
16:30:58 INFO  : Platform repository initialization has completed.
16:30:58 INFO  : XSCT server has started successfully.
16:30:59 INFO  : plnx-install-location is set to ''
16:30:59 INFO  : Successfully done setting XSCT server connection channel  
16:30:59 INFO  : Successfully done query RDI_DATADIR 
16:30:59 INFO  : Successfully done setting workspace for the tool. 
16:31:18 INFO  : Platform 'my_platform' is added to custom repositories.
16:31:21 INFO  : [Import] Updating active build configuration of the system project 'app_system' to 'Debug' after the import.
16:31:53 INFO  : Hardware specification for platform project 'my_platform' is updated.
16:32:06 INFO  : Result from executing command 'getProjects': my_platform
16:32:06 INFO  : Result from executing command 'getPlatforms': my_platform|D:/wyl/prj/zynq7020/vitis_workspace/my_platform/export/my_platform/my_platform.xpfm
16:32:06 INFO  : Checking for BSP changes to sync application flags for project 'app'...
16:32:39 INFO  : Checking for BSP changes to sync application flags for project 'app'...
16:33:02 INFO  : Connected to target on host '127.0.0.1' and port '3121'.
16:33:03 INFO  : Jtag cable 'my vendor co my board 0ABC01A' is selected.
16:33:03 INFO  : 'jtag frequency' command is executed.
16:33:04 INFO  : Context for 'APU' is selected.
16:33:04 INFO  : System reset is completed.
16:33:07 INFO  : 'after 3000' command is executed.
16:33:07 INFO  : 'targets -set -filter {jtag_cable_name =~ "my vendor co my board 0ABC01A" && level==0 && jtag_device_ctx=="jsn-my board-0ABC01A-23727093-0"}' command is executed.
16:33:09 INFO  : Device configured successfully with "D:/wyl/prj/zynq7020/vitis_workspace/app/_ide/bitstream/design_1_wrapper.bit"
16:33:10 INFO  : Context for 'APU' is selected.
16:33:10 INFO  : Hardware design and registers information is loaded from 'D:/wyl/prj/zynq7020/vitis_workspace/my_platform/export/my_platform/hw/lvgl_hw_260312.xsa'.
16:33:10 INFO  : 'configparams force-mem-access 1' command is executed.
16:33:10 INFO  : Context for 'APU' is selected.
16:33:10 INFO  : Sourcing of 'D:/wyl/prj/zynq7020/vitis_workspace/app/_ide/psinit/ps7_init.tcl' is done.
16:33:10 INFO  : 'ps7_init' command is executed.
16:33:10 INFO  : 'ps7_post_config' command is executed.
16:33:10 INFO  : Context for processor 'ps7_cortexa9_0' is selected.
16:33:12 INFO  : The application 'D:/wyl/prj/zynq7020/vitis_workspace/app/Debug/app.elf' is downloaded to processor 'ps7_cortexa9_0'.
16:33:12 INFO  : 'configparams force-mem-access 0' command is executed.
16:33:12 INFO  : ----------------XSDB Script----------------
connect -url tcp:127.0.0.1:3121
targets -set -nocase -filter {name =~"APU*"}
rst -system
after 3000
targets -set -filter {jtag_cable_name =~ "my vendor co my board 0ABC01A" && level==0 && jtag_device_ctx=="jsn-my board-0ABC01A-23727093-0"}
fpga -file D:/wyl/prj/zynq7020/vitis_workspace/app/_ide/bitstream/design_1_wrapper.bit
targets -set -nocase -filter {name =~"APU*"}
loadhw -hw D:/wyl/prj/zynq7020/vitis_workspace/my_platform/export/my_platform/hw/lvgl_hw_260312.xsa -mem-ranges [list {0x40000000 0xbfffffff}] -regs
configparams force-mem-access 1
targets -set -nocase -filter {name =~"APU*"}
source D:/wyl/prj/zynq7020/vitis_workspace/app/_ide/psinit/ps7_init.tcl
ps7_init
ps7_post_config
targets -set -nocase -filter {name =~ "*A9*#0"}
dow D:/wyl/prj/zynq7020/vitis_workspace/app/Debug/app.elf
configparams force-mem-access 0
----------------End of Script----------------

16:33:13 INFO  : Context for processor 'ps7_cortexa9_0' is selected.
16:33:13 INFO  : 'con' command is executed.
16:33:13 INFO  : ----------------XSDB Script (After Launch)----------------
targets -set -nocase -filter {name =~ "*A9*#0"}
con
----------------End of Script----------------

16:33:13 INFO  : Launch script is exported to file 'D:\wyl\prj\zynq7020\vitis_workspace\app_system\_ide\scripts\debugger_app-default.tcl'
17:39:16 INFO  : Result from executing command 'getProjects': my_platform
17:39:16 INFO  : Result from executing command 'getPlatforms': my_platform|D:/wyl/prj/zynq7020/vitis_workspace/my_platform/export/my_platform/my_platform.xpfm
17:39:16 INFO  : Checking for BSP changes to sync application flags for project 'app'...
17:41:05 INFO  : Checking for BSP changes to sync application flags for project 'app'...
17:42:53 INFO  : Checking for BSP changes to sync application flags for project 'app'...
17:43:37 INFO  : Checking for BSP changes to sync application flags for project 'app'...
17:44:56 INFO  : Checking for BSP changes to sync application flags for project 'app'...
17:45:29 INFO  : Disconnected from the channel tcfchan#4.
17:45:30 INFO  : Connected to target on host '127.0.0.1' and port '3121'.
17:45:30 INFO  : Jtag cable 'my vendor co my board 0ABC01A' is selected.
17:45:30 INFO  : 'jtag frequency' command is executed.
17:45:30 INFO  : Context for 'APU' is selected.
17:45:30 INFO  : System reset is completed.
17:45:33 INFO  : 'after 3000' command is executed.
17:45:33 INFO  : 'targets -set -filter {jtag_cable_name =~ "my vendor co my board 0ABC01A" && level==0 && jtag_device_ctx=="jsn-my board-0ABC01A-23727093-0"}' command is executed.
17:45:35 INFO  : Device configured successfully with "D:/wyl/prj/zynq7020/vitis_workspace/app/_ide/bitstream/design_1_wrapper.bit"
17:45:35 INFO  : Context for 'APU' is selected.
17:45:35 INFO  : Hardware design and registers information is loaded from 'D:/wyl/prj/zynq7020/vitis_workspace/my_platform/export/my_platform/hw/lvgl_hw_260312.xsa'.
17:45:35 INFO  : 'configparams force-mem-access 1' command is executed.
17:45:35 INFO  : Context for 'APU' is selected.
17:45:35 INFO  : Sourcing of 'D:/wyl/prj/zynq7020/vitis_workspace/app/_ide/psinit/ps7_init.tcl' is done.
17:45:35 INFO  : 'ps7_init' command is executed.
17:45:35 INFO  : 'ps7_post_config' command is executed.
17:45:35 INFO  : Context for processor 'ps7_cortexa9_0' is selected.
17:45:38 INFO  : The application 'D:/wyl/prj/zynq7020/vitis_workspace/app/Debug/app.elf' is downloaded to processor 'ps7_cortexa9_0'.
17:45:38 INFO  : 'configparams force-mem-access 0' command is executed.
17:45:38 INFO  : ----------------XSDB Script----------------
connect -url tcp:127.0.0.1:3121
targets -set -nocase -filter {name =~"APU*"}
rst -system
after 3000
targets -set -filter {jtag_cable_name =~ "my vendor co my board 0ABC01A" && level==0 && jtag_device_ctx=="jsn-my board-0ABC01A-23727093-0"}
fpga -file D:/wyl/prj/zynq7020/vitis_workspace/app/_ide/bitstream/design_1_wrapper.bit
targets -set -nocase -filter {name =~"APU*"}
loadhw -hw D:/wyl/prj/zynq7020/vitis_workspace/my_platform/export/my_platform/hw/lvgl_hw_260312.xsa -mem-ranges [list {0x40000000 0xbfffffff}] -regs
configparams force-mem-access 1
targets -set -nocase -filter {name =~"APU*"}
source D:/wyl/prj/zynq7020/vitis_workspace/app/_ide/psinit/ps7_init.tcl
ps7_init
ps7_post_config
targets -set -nocase -filter {name =~ "*A9*#0"}
dow D:/wyl/prj/zynq7020/vitis_workspace/app/Debug/app.elf
configparams force-mem-access 0
----------------End of Script----------------

17:45:38 INFO  : Context for processor 'ps7_cortexa9_0' is selected.
17:45:38 INFO  : 'con' command is executed.
17:45:38 INFO  : ----------------XSDB Script (After Launch)----------------
targets -set -nocase -filter {name =~ "*A9*#0"}
con
----------------End of Script----------------

17:45:38 INFO  : Launch script is exported to file 'D:\wyl\prj\zynq7020\vitis_workspace\app_system\_ide\scripts\debugger_app-default.tcl'
18:06:50 INFO  : Checking for BSP changes to sync application flags for project 'app'...
18:11:55 INFO  : Checking for BSP changes to sync application flags for project 'app'...
18:12:08 INFO  : Disconnected from the channel tcfchan#10.
18:12:09 INFO  : Connected to target on host '127.0.0.1' and port '3121'.
18:12:09 INFO  : Jtag cable 'my vendor co my board 0ABC01A' is selected.
18:12:09 INFO  : 'jtag frequency' command is executed.
18:12:09 INFO  : Context for 'APU' is selected.
18:12:09 INFO  : System reset is completed.
18:12:12 INFO  : 'after 3000' command is executed.
18:12:12 INFO  : 'targets -set -filter {jtag_cable_name =~ "my vendor co my board 0ABC01A" && level==0 && jtag_device_ctx=="jsn-my board-0ABC01A-23727093-0"}' command is executed.
18:12:14 INFO  : Device configured successfully with "D:/wyl/prj/zynq7020/vitis_workspace/app/_ide/bitstream/design_1_wrapper.bit"
18:12:14 INFO  : Context for 'APU' is selected.
18:12:14 INFO  : Hardware design and registers information is loaded from 'D:/wyl/prj/zynq7020/vitis_workspace/my_platform/export/my_platform/hw/lvgl_hw_260312.xsa'.
18:12:14 INFO  : 'configparams force-mem-access 1' command is executed.
18:12:14 INFO  : Context for 'APU' is selected.
18:12:14 INFO  : Sourcing of 'D:/wyl/prj/zynq7020/vitis_workspace/app/_ide/psinit/ps7_init.tcl' is done.
18:12:15 INFO  : 'ps7_init' command is executed.
18:12:15 INFO  : 'ps7_post_config' command is executed.
18:12:15 INFO  : Context for processor 'ps7_cortexa9_0' is selected.
18:12:17 INFO  : The application 'D:/wyl/prj/zynq7020/vitis_workspace/app/Debug/app.elf' is downloaded to processor 'ps7_cortexa9_0'.
18:12:17 INFO  : 'configparams force-mem-access 0' command is executed.
18:12:17 INFO  : ----------------XSDB Script----------------
connect -url tcp:127.0.0.1:3121
targets -set -nocase -filter {name =~"APU*"}
rst -system
after 3000
targets -set -filter {jtag_cable_name =~ "my vendor co my board 0ABC01A" && level==0 && jtag_device_ctx=="jsn-my board-0ABC01A-23727093-0"}
fpga -file D:/wyl/prj/zynq7020/vitis_workspace/app/_ide/bitstream/design_1_wrapper.bit
targets -set -nocase -filter {name =~"APU*"}
loadhw -hw D:/wyl/prj/zynq7020/vitis_workspace/my_platform/export/my_platform/hw/lvgl_hw_260312.xsa -mem-ranges [list {0x40000000 0xbfffffff}] -regs
configparams force-mem-access 1
targets -set -nocase -filter {name =~"APU*"}
source D:/wyl/prj/zynq7020/vitis_workspace/app/_ide/psinit/ps7_init.tcl
ps7_init
ps7_post_config
targets -set -nocase -filter {name =~ "*A9*#0"}
dow D:/wyl/prj/zynq7020/vitis_workspace/app/Debug/app.elf
configparams force-mem-access 0
----------------End of Script----------------

18:12:17 INFO  : Context for processor 'ps7_cortexa9_0' is selected.
18:12:17 INFO  : 'con' command is executed.
18:12:17 INFO  : ----------------XSDB Script (After Launch)----------------
targets -set -nocase -filter {name =~ "*A9*#0"}
con
----------------End of Script----------------

18:12:17 INFO  : Launch script is exported to file 'D:\wyl\prj\zynq7020\vitis_workspace\app_system\_ide\scripts\debugger_app-default.tcl'
18:19:01 INFO  : Checking for BSP changes to sync application flags for project 'app'...
18:19:09 INFO  : Disconnected from the channel tcfchan#11.
18:19:10 INFO  : Connected to target on host '127.0.0.1' and port '3121'.
18:19:10 INFO  : Jtag cable 'my vendor co my board 0ABC01A' is selected.
18:19:10 INFO  : 'jtag frequency' command is executed.
18:19:10 INFO  : Context for 'APU' is selected.
18:19:10 INFO  : System reset is completed.
18:19:13 INFO  : 'after 3000' command is executed.
18:19:14 INFO  : 'targets -set -filter {jtag_cable_name =~ "my vendor co my board 0ABC01A" && level==0 && jtag_device_ctx=="jsn-my board-0ABC01A-23727093-0"}' command is executed.
18:19:16 INFO  : Device configured successfully with "D:/wyl/prj/zynq7020/vitis_workspace/app/_ide/bitstream/design_1_wrapper.bit"
18:19:16 INFO  : Context for 'APU' is selected.
18:19:16 INFO  : Hardware design and registers information is loaded from 'D:/wyl/prj/zynq7020/vitis_workspace/my_platform/export/my_platform/hw/lvgl_hw_260312.xsa'.
18:19:16 INFO  : 'configparams force-mem-access 1' command is executed.
18:19:16 INFO  : Context for 'APU' is selected.
18:19:16 INFO  : Sourcing of 'D:/wyl/prj/zynq7020/vitis_workspace/app/_ide/psinit/ps7_init.tcl' is done.
18:19:16 INFO  : 'ps7_init' command is executed.
18:19:16 INFO  : 'ps7_post_config' command is executed.
18:19:16 INFO  : Context for processor 'ps7_cortexa9_0' is selected.
18:19:18 INFO  : The application 'D:/wyl/prj/zynq7020/vitis_workspace/app/Debug/app.elf' is downloaded to processor 'ps7_cortexa9_0'.
18:19:18 INFO  : 'configparams force-mem-access 0' command is executed.
18:19:18 INFO  : ----------------XSDB Script----------------
connect -url tcp:127.0.0.1:3121
targets -set -nocase -filter {name =~"APU*"}
rst -system
after 3000
targets -set -filter {jtag_cable_name =~ "my vendor co my board 0ABC01A" && level==0 && jtag_device_ctx=="jsn-my board-0ABC01A-23727093-0"}
fpga -file D:/wyl/prj/zynq7020/vitis_workspace/app/_ide/bitstream/design_1_wrapper.bit
targets -set -nocase -filter {name =~"APU*"}
loadhw -hw D:/wyl/prj/zynq7020/vitis_workspace/my_platform/export/my_platform/hw/lvgl_hw_260312.xsa -mem-ranges [list {0x40000000 0xbfffffff}] -regs
configparams force-mem-access 1
targets -set -nocase -filter {name =~"APU*"}
source D:/wyl/prj/zynq7020/vitis_workspace/app/_ide/psinit/ps7_init.tcl
ps7_init
ps7_post_config
targets -set -nocase -filter {name =~ "*A9*#0"}
dow D:/wyl/prj/zynq7020/vitis_workspace/app/Debug/app.elf
configparams force-mem-access 0
----------------End of Script----------------

18:19:18 INFO  : Context for processor 'ps7_cortexa9_0' is selected.
18:19:18 INFO  : 'con' command is executed.
18:19:18 INFO  : ----------------XSDB Script (After Launch)----------------
targets -set -nocase -filter {name =~ "*A9*#0"}
con
----------------End of Script----------------

18:19:18 INFO  : Launch script is exported to file 'D:\wyl\prj\zynq7020\vitis_workspace\app_system\_ide\scripts\debugger_app-default.tcl'
